SF:D:\main\Pocs\newpocs\fuzzer\Fuzzer\ApiProcessManager.cs
FN:6,System.String ApiProcessManager::get_ProcessIdFile()
FNDA:5,System.String ApiProcessManager::get_ProcessIdFile()
DA:7,5
FN:9,System.String ApiProcessManager::FindProjectPath(System.String)
FNDA:1,System.String ApiProcessManager::FindProjectPath(System.String)
DA:10,1
DA:12,1
DA:15,1
DA:18,1
DA:19,4
DA:20,1
DA:23,1
DA:24,1
DA:26,1
DA:27,1
BRDA:18,54,0,0
BRDA:18,54,1,1
BRDA:19,7,0,0
BRDA:19,7,1,4
FN:79,System.Void ApiProcessManager::KillPreviousProcessIfExists()
FNDA:1,System.Void ApiProcessManager::KillPreviousProcessIfExists()
DA:80,1
DA:82,1
DA:83,0
DA:86,1
DA:87,1
DA:88,0
DA:92,1
DA:93,1
DA:94,0
DA:95,0
DA:97,0
DA:98,0
DA:99,0
DA:100,1
DA:101,1
DA:104,1
DA:105,0
DA:106,0
DA:109,0
DA:111,1
DA:113,1
DA:114,1
DA:115,1
BRDA:82,16,1,1
BRDA:87,44,1,1
BRDA:94,69,0,0
BRDA:94,69,1,0
BRDA:82,16,0,1
BRDA:87,44,0,1
FN:117,System.Void ApiProcessManager/<DisposeAsync>d__8::MoveNext()
FNDA:1,System.Void ApiProcessManager/<DisposeAsync>d__8::MoveNext()
DA:118,1
DA:119,1
DA:120,1
DA:122,1
DA:123,1
DA:124,1
DA:125,1
BRDA:119,29,0,1
BRDA:119,29,1,0
BRDA:119,55,0,1
BRDA:119,55,1,1
FN:29,System.Void ApiProcessManager/<DotnetRun>d__6::MoveNext()
FNDA:1,System.Void ApiProcessManager/<DotnetRun>d__6::MoveNext()
DA:30,1
DA:31,1
DA:33,1
DA:35,1
DA:36,0
DA:37,0
DA:40,1
DA:41,1
DA:42,1
DA:43,1
DA:44,1
DA:45,1
DA:46,1
DA:47,1
DA:48,1
DA:50,1
DA:51,1
DA:52,1
DA:53,1
DA:55,1
DA:61,1
DA:67,1
DA:68,1
DA:69,1
DA:72,1
DA:75,1
DA:77,1
BRDA:35,58,0,0
BRDA:35,58,1,1
LF:68
LH:56
BRF:16
BRH:10
FNF:5
FNH:5
end_of_record
SF:D:\main\Pocs\newpocs\fuzzer\Fuzzer\ReflectionUtils.cs
FN:8,OneOf.OneOf`2<System.Type,VoidEmptyType> ReflectionUtils::ToType(System.String)
FNDA:0,OneOf.OneOf`2<System.Type,VoidEmptyType> ReflectionUtils::ToType(System.String)
DA:9,0
DA:10,0
DA:11,0
DA:12,0
DA:16,0
DA:17,0
DA:18,0
DA:19,0
DA:20,0
DA:21,0
DA:22,0
DA:23,0
DA:24,0
DA:25,0
DA:26,0
DA:27,0
DA:28,0
DA:29,0
DA:30,0
DA:32,0
DA:33,0
DA:34,0
DA:38,0
DA:40,0
DA:41,0
DA:42,0
DA:46,0
DA:47,0
DA:48,0
DA:49,0
DA:50,0
DA:51,0
DA:53,0
DA:56,0
DA:57,0
DA:58,0
BRDA:10,14,0,0
BRDA:10,14,1,0
BRDA:16,52,0,0
BRDA:16,61,0,0
BRDA:16,70,0,0
BRDA:16,84,0,0
BRDA:16,61,1,0
BRDA:16,115,0,0
BRDA:16,124,0,0
BRDA:16,115,1,0
BRDA:16,155,0,0
BRDA:16,52,1,0
BRDA:16,186,0,0
BRDA:16,195,0,0
BRDA:16,204,0,0
BRDA:16,195,1,0
BRDA:16,232,0,0
BRDA:16,186,1,0
BRDA:16,263,0,0
BRDA:16,272,0,0
BRDA:16,263,1,0
BRDA:16,300,0,0
BRDA:16,169,1,0
BRDA:16,218,1,0
BRDA:16,286,1,0
BRDA:16,98,1,0
BRDA:16,272,1,0
BRDA:16,124,1,0
BRDA:16,232,1,0
BRDA:16,204,1,0
BRDA:16,84,1,0
BRDA:16,300,1,0
BRDA:16,314,1,0
BRDA:16,70,1,0
BRDA:16,246,1,0
BRDA:16,155,1,0
BRDA:16,138,1,0
BRDA:16,335,1,0
BRDA:16,356,1,0
BRDA:16,377,1,0
BRDA:16,398,1,0
BRDA:16,419,1,0
BRDA:16,440,1,0
BRDA:16,461,1,0
BRDA:16,482,1,0
BRDA:16,503,1,0
BRDA:16,524,1,0
BRDA:16,545,1,0
BRDA:16,566,1,0
BRDA:16,587,1,0
BRDA:16,608,1,0
BRDA:16,629,1,0
BRDA:16,98,0,0
BRDA:16,138,0,0
BRDA:16,169,0,0
BRDA:16,218,0,0
BRDA:16,246,0,0
BRDA:16,286,0,0
BRDA:16,314,0,0
BRDA:16,335,0,0
BRDA:16,356,0,0
BRDA:16,377,0,0
BRDA:16,398,0,0
BRDA:16,419,0,0
BRDA:16,440,0,0
BRDA:16,461,0,0
BRDA:16,482,0,0
BRDA:16,503,0,0
BRDA:16,524,0,0
BRDA:16,545,0,0
BRDA:16,566,0,0
BRDA:16,587,0,0
BRDA:16,608,0,0
BRDA:16,629,0,0
BRDA:32,822,0,0
BRDA:32,822,1,0
BRDA:40,855,0,0
BRDA:40,855,1,0
BRDA:46,938,1,0
BRDA:49,913,0,0
BRDA:49,913,1,0
BRDA:46,938,0,0
FN:67,System.Collections.Generic.List`1<System.String> ReflectionUtils::GetPublicEndpointMethodNames(System.Type)
FNDA:0,System.Collections.Generic.List`1<System.String> ReflectionUtils::GetPublicEndpointMethodNames(System.Type)
DA:68,0
DA:69,0
DA:70,0
DA:71,0
DA:72,0
DA:73,0
DA:74,0
FN:83,System.Collections.Generic.List`1<System.Reflection.MethodInfo> ReflectionUtils::GetPublicEndpointMethods(System.Type)
FNDA:3094,System.Collections.Generic.List`1<System.Reflection.MethodInfo> ReflectionUtils::GetPublicEndpointMethods(System.Type)
DA:84,3094
DA:85,3094
DA:86,46694
DA:87,31244
DA:88,31244
DA:89,49962
DA:90,3094
FN:99,System.Reflection.MethodInfo ReflectionUtils::GetPublicEndpointMethodByName(System.Type,System.String)
FNDA:3086,System.Reflection.MethodInfo ReflectionUtils::GetPublicEndpointMethodByName(System.Type,System.String)
DA:100,3086
DA:101,12214
DA:102,3086
FN:104,System.Reflection.ParameterInfo ReflectionUtils::GetPublicEndpointMethodParameterByName(System.Type,System.String)
FNDA:0,System.Reflection.ParameterInfo ReflectionUtils::GetPublicEndpointMethodParameterByName(System.Type,System.String)
DA:105,0
DA:106,0
DA:107,0
FN:115,System.Boolean ReflectionUtils::IsApiEndpoint(System.Reflection.MethodInfo)
FNDA:31244,System.Boolean ReflectionUtils::IsApiEndpoint(System.Reflection.MethodInfo)
DA:116,31244
DA:117,31244
DA:120,31244
DA:121,31244
BRDA:120,24,0,25234
BRDA:120,32,0,25234
BRDA:120,32,1,0
BRDA:120,24,1,6010
LF:60
LH:14
BRF:86
BRH:3
FNF:6
FNH:3
end_of_record
SF:D:\main\Pocs\newpocs\fuzzer\Fuzzer\TestApplication.cs
FN:15,Microsoft.Extensions.Hosting.IHost TestApplication`1::CreateHost(Microsoft.Extensions.Hosting.IHostBuilder)
FNDA:4,Microsoft.Extensions.Hosting.IHost TestApplication`1::CreateHost(Microsoft.Extensions.Hosting.IHostBuilder)
DA:16,4
DA:17,4
DA:20,4
DA:21,4
DA:22,4
DA:23,4
DA:24,8
DA:27,4
DA:28,4
DA:29,8
DA:31,4
DA:32,4
BRDA:20,21,0,1
BRDA:20,21,1,4
BRDA:27,59,0,1
BRDA:27,59,1,4
FN:8,System.Void TestApplication`1::.ctor()
FNDA:4,System.Void TestApplication`1::.ctor()
DA:9,4
DA:10,4
DA:12,4
DA:13,4
LF:16
LH:16
BRF:4
BRH:4
FNF:2
FNH:2
end_of_record
SF:D:\main\Pocs\newpocs\fuzzer\Fuzzer\TestSuite.cs
FN:7,System.Collections.Generic.List`1<tests.Fuzzer.ApiCall> TestSuite::get_ApiCalls()
FNDA:3864,System.Collections.Generic.List`1<tests.Fuzzer.ApiCall> TestSuite::get_ApiCalls()
DA:8,3864
FN:8,System.Double TestSuite::get_TestCoveragePercentage()
FNDA:1932,System.Double TestSuite::get_TestCoveragePercentage()
DA:9,1932
FN:11,System.String TestSuite::ToString()
FNDA:0,System.String TestSuite::ToString()
DA:12,0
DA:13,0
DA:14,0
DA:16,0
DA:17,0
DA:18,0
DA:19,0
DA:20,0
DA:21,0
DA:22,0
DA:23,0
DA:24,0
DA:25,0
DA:26,0
DA:28,0
DA:29,0
BRDA:16,300,1,0
BRDA:21,214,0,0
BRDA:21,214,1,0
BRDA:16,300,0,0
FN:31,System.String TestSuite::GetEmojiForMethod(System.String)
FNDA:0,System.String TestSuite::GetEmojiForMethod(System.String)
DA:32,0
DA:33,0
DA:34,0
DA:35,0
DA:36,0
DA:37,0
DA:38,0
DA:39,0
DA:40,0
DA:41,0
DA:42,0
BRDA:33,16,0,0
BRDA:33,29,0,0
BRDA:33,42,0,0
BRDA:33,55,0,0
BRDA:33,16,1,0
BRDA:33,29,1,0
BRDA:33,42,1,0
BRDA:33,55,1,0
BRDA:33,68,1,0
BRDA:33,68,0,0
FN:44,System.String TestSuite::GetResponseHeader(System.Object)
FNDA:0,System.String TestSuite::GetResponseHeader(System.Object)
DA:45,0
DA:46,0
DA:47,0
DA:48,0
DA:49,0
DA:50,0
DA:51,0
BRDA:46,11,1,0
BRDA:46,11,0,0
FN:53,System.String TestSuite::RenderObject(System.Object)
FNDA:0,System.String TestSuite::RenderObject(System.Object)
DA:54,0
DA:55,0
DA:57,0
DA:58,0
DA:62,0
DA:63,0
DA:64,0
DA:65,0
DA:66,0
DA:67,0
DA:68,0
DA:70,0
DA:71,0
DA:72,0
DA:74,0
DA:94,0
BRDA:57,15,0,0
BRDA:57,15,1,0
BRDA:57,31,0,0
BRDA:57,31,1,0
BRDA:62,58,0,0
BRDA:64,99,1,0
BRDA:64,99,0,0
BRDA:62,58,1,0
FN:96,System.String TestSuite::GetRequestHeader(System.Object)
FNDA:0,System.String TestSuite::GetRequestHeader(System.Object)
DA:97,0
DA:98,0
DA:99,0
DA:100,0
DA:101,0
DA:102,0
DA:103,0
BRDA:98,11,1,0
BRDA:98,11,0,0
FN:76,System.Void TestSuite::<RenderObject>g__renderProp|11_0(System.Text.StringBuilder,System.Object)
FNDA:0,System.Void TestSuite::<RenderObject>g__renderProp|11_0(System.Text.StringBuilder,System.Object)
DA:77,0
DA:78,0
DA:79,0
DA:80,0
DA:81,0
DA:82,0
DA:83,0
DA:84,0
DA:85,0
DA:86,0
DA:87,0
DA:88,0
DA:89,0
DA:90,0
DA:91,0
DA:92,0
DA:93,0
BRDA:78,7,0,0
BRDA:80,107,1,0
BRDA:80,107,0,0
BRDA:86,216,1,0
BRDA:86,216,0,0
BRDA:78,7,1,0
LF:76
LH:2
BRF:32
BRH:0
FNF:8
FNH:2
end_of_record
SF:D:\main\Pocs\newpocs\fuzzer\Program.cs
FN:0,System.Void Program::<Main>$(System.String[])
FNDA:0,System.Void Program::<Main>$(System.String[])
DA:1,0
LF:1
LH:0
BRF:0
BRH:0
FNF:1
FNH:0
end_of_record
SF:D:\main\Pocs\newpocs\fuzzer\Fuzzer\ApiCall.cs
FN:4,System.String tests.Fuzzer.ApiCall::get_MethodName()
FNDA:12344,System.String tests.Fuzzer.ApiCall::get_MethodName()
DA:5,12344
FN:5,System.Int32 tests.Fuzzer.ApiCall::get_Order()
FNDA:9258,System.Int32 tests.Fuzzer.ApiCall::get_Order()
DA:6,9258
FN:6,System.Object tests.Fuzzer.ApiCall::get_Request()
FNDA:9940,System.Object tests.Fuzzer.ApiCall::get_Request()
DA:7,9940
FN:7,System.Object tests.Fuzzer.ApiCall::get_Response()
FNDA:24088,System.Object tests.Fuzzer.ApiCall::get_Response()
DA:8,24088
LF:4
LH:4
BRF:0
BRH:0
FNF:4
FNH:4
end_of_record
SF:D:\main\Pocs\newpocs\fuzzer\Fuzzer\ApiFuzzer.cs
FN:91,System.Object tests.Fuzzer.ApiFuzzer::ResolveResponse(tests.Fuzzer.ApiCall)
FNDA:3086,System.Object tests.Fuzzer.ApiFuzzer::ResolveResponse(tests.Fuzzer.ApiCall)
DA:92,3086
DA:93,3086
DA:94,3086
DA:95,3086
DA:96,1242
DA:99,1242
DA:101,1242
DA:104,1844
DA:105,1844
DA:106,1844
DA:107,0
DA:108,1844
DA:110,1844
DA:111,3086
BRDA:95,35,0,2486
BRDA:95,35,1,600
BRDA:95,64,0,1242
BRDA:99,72,1,1
BRDA:99,72,0,1242
BRDA:99,150,0,0
BRDA:99,150,1,1242
BRDA:99,162,0,0
BRDA:99,162,1,1242
BRDA:95,64,1,1844
BRDA:104,205,1,1844
BRDA:104,205,0,0
FN:230,System.Object tests.Fuzzer.ApiFuzzer::RecreateSwaggerClientInstanceTest()
FNDA:0,System.Object tests.Fuzzer.ApiFuzzer::RecreateSwaggerClientInstanceTest()
DA:231,0
DA:232,0
DA:234,0
DA:236,0
DA:237,0
DA:238,0
DA:241,0
DA:242,0
DA:243,0
BRDA:236,28,0,0
BRDA:236,28,1,0
FN:313,System.Object[] tests.Fuzzer.ApiFuzzer::handleOneOrVoidParameter(tests.Fuzzer.ApiCall,System.Reflection.ParameterInfo)
FNDA:3044,System.Object[] tests.Fuzzer.ApiFuzzer::handleOneOrVoidParameter(tests.Fuzzer.ApiCall,System.Reflection.ParameterInfo)
DA:314,3044
DA:315,3044
DA:316,3044
DA:317,1800
DA:318,1800
DA:319,1800
DA:321,1800
DA:322,1800
DA:323,1800
DA:325,1244
DA:326,1244
DA:327,1244
DA:329,3044
DA:330,3044
BRDA:316,14,0,1800
BRDA:319,66,0,0
BRDA:319,66,1,1800
BRDA:321,155,1,1
BRDA:321,155,0,1800
BRDA:316,14,1,1244
FN:332,System.Object[] tests.Fuzzer.ApiFuzzer::handleMultipleParameter(tests.Fuzzer.ApiCall,System.Collections.Generic.List`1<System.Reflection.ParameterInfo>)
FNDA:42,System.Object[] tests.Fuzzer.ApiFuzzer::handleMultipleParameter(tests.Fuzzer.ApiCall,System.Collections.Generic.List`1<System.Reflection.ParameterInfo>)
DA:333,42
DA:335,42
DA:336,294
DA:337,84
DA:338,84
DA:339,84
DA:341,84
DA:342,84
DA:343,84
DA:344,42
DA:345,42
BRDA:336,384,1,84
BRDA:339,75,0,0
BRDA:339,75,1,84
BRDA:341,164,1,1
BRDA:341,164,0,84
BRDA:342,286,1,1
BRDA:342,286,0,84
BRDA:336,384,0,42
FN:29,System.Void tests.Fuzzer.ApiFuzzer::.ctor(System.Net.Http.HttpClient,System.String)
FNDA:5,System.Void tests.Fuzzer.ApiFuzzer::.ctor(System.Net.Http.HttpClient,System.String)
DA:30,5
DA:31,5
DA:32,5
DA:33,5
DA:34,5
DA:35,5
BRDA:34,24,0,0
BRDA:34,24,1,5
BRDA:34,36,0,0
BRDA:34,36,1,5
BRDA:34,48,0,0
BRDA:34,48,1,5
FN:40,System.Void tests.Fuzzer.ApiFuzzer::.ctor(System.Object)
FNDA:3,System.Void tests.Fuzzer.ApiFuzzer::.ctor(System.Object)
DA:41,3
DA:42,3
DA:43,3
DA:44,3
FN:62,System.Int32 tests.Fuzzer.ApiFuzzer/<>c::<TestWholeApiCore>b__6_0(tests.Fuzzer.ApiCall)
FNDA:3730,System.Int32 tests.Fuzzer.ApiFuzzer/<>c::<TestWholeApiCore>b__6_0(tests.Fuzzer.ApiCall)
DA:63,3730
FN:163,System.Boolean tests.Fuzzer.ApiFuzzer/<>c::<GetOpenApiClientInstanceDynamically>b__9_0(System.Reflection.Assembly)
FNDA:1845,System.Boolean tests.Fuzzer.ApiFuzzer/<>c::<GetOpenApiClientInstanceDynamically>b__9_0(System.Reflection.Assembly)
DA:164,1845
BRDA:164,6,0,1840
BRDA:164,6,1,5
FN:164,Microsoft.CodeAnalysis.PortableExecutableReference tests.Fuzzer.ApiFuzzer/<>c::<GetOpenApiClientInstanceDynamically>b__9_1(System.Reflection.Assembly)
FNDA:1830,Microsoft.CodeAnalysis.PortableExecutableReference tests.Fuzzer.ApiFuzzer/<>c::<GetOpenApiClientInstanceDynamically>b__9_1(System.Reflection.Assembly)
DA:165,1830
FN:180,System.Boolean tests.Fuzzer.ApiFuzzer/<>c::<GetOpenApiClientInstanceDynamically>b__9_3(Microsoft.CodeAnalysis.Diagnostic)
FNDA:0,System.Boolean tests.Fuzzer.ApiFuzzer/<>c::<GetOpenApiClientInstanceDynamically>b__9_3(Microsoft.CodeAnalysis.Diagnostic)
DA:181,0
FN:181,System.String tests.Fuzzer.ApiFuzzer/<>c::<GetOpenApiClientInstanceDynamically>b__9_4(Microsoft.CodeAnalysis.Diagnostic)
FNDA:0,System.String tests.Fuzzer.ApiFuzzer/<>c::<GetOpenApiClientInstanceDynamically>b__9_4(Microsoft.CodeAnalysis.Diagnostic)
DA:182,0
FN:197,System.Int32 tests.Fuzzer.ApiFuzzer/<>c::<GetOpenApiClientInstanceDynamically>b__9_2(System.Reflection.ConstructorInfo)
FNDA:5,System.Int32 tests.Fuzzer.ApiFuzzer/<>c::<GetOpenApiClientInstanceDynamically>b__9_2(System.Reflection.ConstructorInfo)
DA:198,5
FN:245,System.Void tests.Fuzzer.ApiFuzzer/<DoApiCall>d__11::MoveNext()
FNDA:3086,System.Void tests.Fuzzer.ApiFuzzer/<DoApiCall>d__11::MoveNext()
DA:246,3086
DA:247,3086
DA:250,3086
DA:251,3086
DA:254,3086
DA:259,3086
DA:260,3086
DA:261,3044
DA:262,3044
DA:263,3044
DA:264,3044
DA:266,42
DA:267,42
DA:268,42
DA:270,3086
DA:272,3086
DA:274,3086
DA:275,3086
DA:276,1844
DA:277,1242
DA:278,1242
DA:281,1242
DA:282,1242
DA:283,1242
DA:284,1242
DA:285,1242
DA:286,1242
DA:291,0
DA:295,1844
DA:296,1844
DA:299,1844
DA:301,1844
DA:302,0
DA:303,0
DA:305,0
DA:307,0
DA:310,1844
DA:311,3086
BRDA:247,22,0,0
BRDA:247,22,1,3086
BRDA:260,140,0,1842
BRDA:260,140,1,1244
BRDA:260,161,0,3044
BRDA:260,161,1,42
BRDA:283,452,0,642
BRDA:283,452,1,600
BRDA:283,488,0,1242
BRDA:283,488,1,0
BRDA:296,558,0,0
BRDA:296,558,1,1844
FN:119,System.Void tests.Fuzzer.ApiFuzzer/<GetOpenApiClientInstanceDynamically>d__9::MoveNext()
FNDA:5,System.Void tests.Fuzzer.ApiFuzzer/<GetOpenApiClientInstanceDynamically>d__9::MoveNext()
DA:120,5
DA:122,5
DA:123,5
DA:126,5
DA:128,5
DA:129,4
DA:131,4
DA:132,4
DA:133,1
DA:134,1
DA:136,1
DA:137,1
DA:138,1
DA:140,0
DA:141,0
DA:146,5
DA:147,5
DA:148,5
DA:149,5
DA:150,5
DA:151,5
DA:152,5
DA:153,5
DA:154,5
DA:157,5
DA:158,5
DA:161,5
DA:162,5
DA:163,5
DA:166,5
DA:167,5
DA:169,5
DA:170,5
DA:171,5
DA:172,5
DA:173,5
DA:175,5
DA:176,5
DA:178,5
DA:179,0
DA:180,0
DA:183,0
DA:187,5
DA:188,5
DA:189,5
DA:191,5
DA:192,0
DA:193,0
DA:197,5
DA:199,5
DA:201,5
DA:202,0
DA:203,0
DA:208,5
DA:210,5
DA:211,1
DA:213,1
DA:214,1
DA:215,4
DA:216,4
DA:217,4
DA:218,4
DA:220,4
DA:221,4
DA:223,0
DA:224,0
DA:227,5
DA:228,5
BRDA:128,346,0,4
BRDA:128,346,1,1
BRDA:133,513,0,0
BRDA:133,513,1,1
BRDA:133,539,0,1
BRDA:133,539,1,0
BRDA:178,1107,0,0
BRDA:178,1107,1,5
BRDA:191,1306,0,0
BRDA:191,1306,1,5
BRDA:201,1394,0,0
BRDA:201,1394,1,5
BRDA:210,1434,0,1
BRDA:210,1434,1,4
BRDA:210,1471,0,1
BRDA:210,1471,1,4
BRDA:215,1526,0,4
BRDA:215,1556,0,4
BRDA:215,1526,1,0
BRDA:215,1556,1,0
BRDA:215,1593,0,4
BRDA:215,1593,1,0
FN:85,System.Void tests.Fuzzer.ApiFuzzer/<TestWholeApi>d__7::MoveNext()
FNDA:8,System.Void tests.Fuzzer.ApiFuzzer/<TestWholeApi>d__7::MoveNext()
DA:86,8
DA:87,8
DA:88,8
DA:89,8
FN:46,System.Void tests.Fuzzer.ApiFuzzer/<TestWholeApiCore>d__6::MoveNext()
FNDA:8,System.Void tests.Fuzzer.ApiFuzzer/<TestWholeApiCore>d__6::MoveNext()
DA:47,8
DA:48,8
DA:49,8
DA:50,8
DA:51,8
DA:52,8
DA:57,1312
DA:58,644
DA:64,8104
DA:65,3086
DA:66,3086
DA:67,3086
DA:69,3086
DA:77,644
DA:79,644
DA:81,8
DA:83,8
BRDA:49,75,0,5
BRDA:49,75,1,8
BRDA:57,735,1,644
BRDA:64,656,1,3086
BRDA:64,656,0,644
BRDA:57,735,0,8
LF:191
LH:163
BRF:76
BRH:55
FNF:16
FNH:13
end_of_record
SF:D:\main\Pocs\newpocs\fuzzer\Fuzzer\ApiFuzzerForFactory.cs
FN:13,System.Void tests.Fuzzer.ApiFuzzer`1::.ctor()
FNDA:1,System.Void tests.Fuzzer.ApiFuzzer`1::.ctor()
DA:14,1
DA:15,1
DA:16,1
DA:17,1
DA:18,1
DA:19,1
FN:21,System.Void tests.Fuzzer.ApiFuzzer`1/<TestWholeApi>d__3::MoveNext()
FNDA:1,System.Void tests.Fuzzer.ApiFuzzer`1/<TestWholeApi>d__3::MoveNext()
DA:22,1
DA:23,1
DA:24,1
DA:25,1
LF:10
LH:10
BRF:0
BRH:0
FNF:2
FNH:2
end_of_record
SF:D:\main\Pocs\newpocs\fuzzer\Fuzzer\ApiFuzzerWithVerifier.cs
FN:10,System.Void tests.Fuzzer.ApiFuzzerWithVerifier::.ctor(System.Net.Http.HttpClient,System.String)
FNDA:2,System.Void tests.Fuzzer.ApiFuzzerWithVerifier::.ctor(System.Net.Http.HttpClient,System.String)
DA:11,2
DA:12,2
DA:13,2
DA:14,2
FN:19,System.Void tests.Fuzzer.ApiFuzzerWithVerifier::.ctor(System.Object)
FNDA:3,System.Void tests.Fuzzer.ApiFuzzerWithVerifier::.ctor(System.Object)
DA:20,3
DA:21,3
DA:22,3
DA:23,3
FN:25,System.Void tests.Fuzzer.ApiFuzzerWithVerifier/<TestWholeApi>d__3::MoveNext()
FNDA:5,System.Void tests.Fuzzer.ApiFuzzerWithVerifier/<TestWholeApi>d__3::MoveNext()
DA:26,5
DA:27,5
DA:28,5
DA:29,5
DA:31,5
DA:37,5
DA:38,5
DA:39,5
LF:16
LH:16
BRF:0
BRH:0
FNF:3
FNH:3
end_of_record
SF:D:\main\Pocs\newpocs\fuzzer\Fuzzer\ApiFuzzerWithVerifierForFactory.cs
FN:13,System.Void tests.Fuzzer.ApiFuzzerWithVerifier`1::.ctor()
FNDA:1,System.Void tests.Fuzzer.ApiFuzzerWithVerifier`1::.ctor()
DA:14,1
DA:15,1
DA:16,1
DA:17,1
DA:19,1
DA:20,1
FN:22,System.Void tests.Fuzzer.ApiFuzzerWithVerifier`1/<TestWholeApi>d__3::MoveNext()
FNDA:1,System.Void tests.Fuzzer.ApiFuzzerWithVerifier`1/<TestWholeApi>d__3::MoveNext()
DA:23,1
DA:24,1
DA:25,1
DA:26,1
DA:28,1
DA:34,1
DA:35,1
DA:36,1
LF:14
LH:14
BRF:0
BRH:0
FNF:2
FNH:2
end_of_record
SF:D:\main\Pocs\newpocs\fuzzer\Fuzzer\ApiFuzzerWithWebApplicationFactory.cs
FN:27,System.Void tests.Fuzzer.ApiFuzzerWithWebApplicationFactory::.ctor()
FNDA:0,System.Void tests.Fuzzer.ApiFuzzerWithWebApplicationFactory::.ctor()
DA:28,0
DA:29,0
DA:34,0
LF:3
LH:0
BRF:0
BRH:0
FNF:1
FNH:0
end_of_record
SF:D:\main\Pocs\newpocs\fuzzer\Fuzzer\ApiShapeData.cs
FN:7,System.Collections.Generic.List`1<tests.Fuzzer.Method> tests.Fuzzer.ApiShapeData::get_Methods()
FNDA:3746,System.Collections.Generic.List`1<tests.Fuzzer.Method> tests.Fuzzer.ApiShapeData::get_Methods()
DA:8,3746
FN:9,System.Void tests.Fuzzer.ApiShapeData::.ctor(System.Object)
FNDA:8,System.Void tests.Fuzzer.ApiShapeData::.ctor(System.Object)
DA:10,8
DA:11,8
DA:12,42
DA:13,42
DA:14,42
DA:15,42
DA:16,42
DA:17,42
DA:18,42
DA:19,8
BRDA:13,20,0,0
BRDA:13,20,1,34
BRDA:13,32,0,0
BRDA:13,32,1,34
BRDA:13,44,0,15
BRDA:13,44,1,19
BRDA:13,56,0,0
BRDA:13,56,1,19
BRDA:13,68,0,15
BRDA:13,68,1,34
BRDA:13,84,0,0
BRDA:13,84,1,34
BRDA:13,96,0,0
BRDA:13,96,1,34
BRDA:13,108,0,15
BRDA:13,108,1,19
BRDA:13,121,0,15
BRDA:13,121,1,19
LF:11
LH:11
BRF:18
BRH:13
FNF:2
FNH:2
end_of_record
SF:D:\main\Pocs\newpocs\fuzzer\Fuzzer\DataGenerationHelper.cs
FN:8,System.Random tests.Fuzzer.DataGenerationHelper::get_random()
FNDA:5450,System.Random tests.Fuzzer.DataGenerationHelper::get_random()
DA:9,5450
FN:11,System.Object tests.Fuzzer.DataGenerationHelper::PickCorrectRequestReflectionBased(System.String,OneOf.OneOf`2<System.Type,VoidEmptyType>,System.Int32)
FNDA:3086,System.Object tests.Fuzzer.DataGenerationHelper::PickCorrectRequestReflectionBased(System.String,OneOf.OneOf`2<System.Type,VoidEmptyType>,System.Int32)
DA:12,3086
DA:13,3086
DA:14,3086
DA:15,3086
FN:16,System.Boolean tests.Fuzzer.DataGenerationHelper::isPrimitiveType(System.Type)
FNDA:1842,System.Boolean tests.Fuzzer.DataGenerationHelper::isPrimitiveType(System.Type)
DA:17,1842
DA:19,1842
DA:20,1842
DA:21,1842
DA:22,1842
DA:23,1842
DA:24,1842
BRDA:19,7,0,1242
BRDA:19,25,0,1200
BRDA:19,43,0,1200
BRDA:19,61,0,1200
BRDA:19,7,1,642
BRDA:19,25,1,642
BRDA:19,43,1,642
BRDA:19,61,1,642
FN:26,System.Object tests.Fuzzer.DataGenerationHelper::CreateInstanceWithRandomValues(OneOf.OneOf`2<System.Type,VoidEmptyType>,System.Int32)
FNDA:3086,System.Object tests.Fuzzer.DataGenerationHelper::CreateInstanceWithRandomValues(OneOf.OneOf`2<System.Type,VoidEmptyType>,System.Int32)
DA:27,3086
DA:28,6172
DA:30,3086
DA:60,3086
FN:62,System.Object tests.Fuzzer.DataGenerationHelper::CreateRandomValue(System.Type,System.Int32)
FNDA:5442,System.Object tests.Fuzzer.DataGenerationHelper::CreateRandomValue(System.Type,System.Int32)
DA:63,5442
DA:64,5442
DA:65,5442
DA:66,7242
DA:67,6084
DA:68,1200
DA:69,1200
DA:70,1200
DA:71,5442
DA:72,5442
DA:73,2400
DA:74,5442
DA:75,5442
DA:76,0
DA:77,5442
DA:78,5442
DA:79,0
DA:80,5442
DA:81,5442
BRDA:64,8,1,5442
BRDA:66,31,1,1800
BRDA:66,31,0,3642
BRDA:67,78,1,2442
BRDA:67,78,0,1200
BRDA:68,143,1,0
BRDA:68,143,0,1200
BRDA:69,193,1,0
BRDA:69,193,0,1200
BRDA:70,250,1,0
BRDA:70,250,0,1200
BRDA:73,303,1,1200
BRDA:73,303,0,0
BRDA:76,335,0,0
BRDA:76,355,1,0
BRDA:64,8,0,0
BRDA:76,335,1,0
BRDA:76,355,0,0
FN:84,System.Object tests.Fuzzer.DataGenerationHelper::GetRandomEnumValue(System.Type,System.Random)
FNDA:1200,System.Object tests.Fuzzer.DataGenerationHelper::GetRandomEnumValue(System.Type,System.Random)
DA:85,1200
DA:86,1200
DA:87,1200
DA:88,1200
DA:89,1200
FN:91,System.Collections.Generic.List`1<TestSuite> tests.Fuzzer.DataGenerationHelper::CreateApiMethodPermutationsTestSuite(tests.Fuzzer.ApiShapeData)
FNDA:8,System.Collections.Generic.List`1<TestSuite> tests.Fuzzer.DataGenerationHelper::CreateApiMethodPermutationsTestSuite(tests.Fuzzer.ApiShapeData)
DA:92,8
DA:94,8
DA:99,8
DA:100,8
DA:101,8
DA:103,8
DA:104,644
DA:105,3730
DA:106,3730
DA:107,3730
DA:108,3730
DA:109,3730
DA:110,3730
DA:111,3730
DA:112,644
DA:113,652
DA:115,652
DA:116,652
DA:117,652
DA:118,652
DA:119,652
DA:120,8
DA:121,8
BRDA:99,56,0,7
BRDA:99,56,1,1
BRDA:105,25,0,8
BRDA:105,25,1,644
FN:32,System.Object tests.Fuzzer.DataGenerationHelper/<>c__DisplayClass6_0::<CreateInstanceWithRandomValues>g__createInstance|2(System.Type,System.Int32)
FNDA:1842,System.Object tests.Fuzzer.DataGenerationHelper/<>c__DisplayClass6_0::<CreateInstanceWithRandomValues>g__createInstance|2(System.Type,System.Int32)
DA:33,1842
DA:34,1842
DA:35,642
DA:36,642
DA:37,642
DA:40,1200
DA:42,1200
DA:44,1200
DA:45,0
DA:46,0
DA:47,0
DA:51,13200
DA:52,4800
DA:53,4800
DA:54,4800
DA:55,4800
DA:56,4800
DA:58,1200
DA:59,1842
BRDA:34,9,0,642
BRDA:34,9,1,1200
BRDA:40,41,0,0
BRDA:40,41,1,1200
BRDA:44,100,0,0
BRDA:44,100,1,1200
BRDA:44,114,0,0
BRDA:44,114,1,1200
BRDA:51,218,1,4800
BRDA:53,169,1,4800
BRDA:53,169,0,4800
BRDA:51,218,0,1200
LF:82
LH:77
BRF:42
BRH:30
FNF:8
FNH:8
end_of_record
SF:D:\main\Pocs\newpocs\fuzzer\Fuzzer\EnumExtensions.cs
FN:7,T tests.Fuzzer.EnumExtensions::ToEnum(System.String)
FNDA:0,T tests.Fuzzer.EnumExtensions::ToEnum(System.String)
DA:8,0
DA:9,0
DA:10,0
DA:11,0
DA:14,0
DA:15,0
DA:16,0
DA:19,0
DA:20,0
DA:22,0
BRDA:9,9,0,0
BRDA:9,9,1,0
BRDA:14,39,0,0
BRDA:14,39,1,0
FN:24,System.String tests.Fuzzer.EnumExtensions::GetDisplayName(System.Enum)
FNDA:0,System.String tests.Fuzzer.EnumExtensions::GetDisplayName(System.Enum)
DA:25,0
DA:27,0
DA:30,0
DA:32,0
DA:33,0
DA:35,0
DA:37,0
DA:38,0
DA:40,0
DA:42,0
DA:45,0
DA:46,0
BRDA:32,28,0,0
BRDA:37,48,0,0
BRDA:40,58,0,0
BRDA:40,58,1,0
BRDA:37,48,1,0
BRDA:32,28,1,0
LF:22
LH:0
BRF:10
BRH:0
FNF:2
FNH:0
end_of_record
SF:D:\main\Pocs\newpocs\fuzzer\Fuzzer\Method.cs
FN:7,System.String tests.Fuzzer.Method::get_MethodName()
FNDA:6206,System.String tests.Fuzzer.Method::get_MethodName()
DA:8,6206
FN:8,System.String tests.Fuzzer.Method::get_MethodParameterTypeName()
FNDA:34,System.String tests.Fuzzer.Method::get_MethodParameterTypeName()
DA:9,34
FN:9,OneOf.OneOf`2<System.Type,VoidEmptyType> tests.Fuzzer.Method::get_MethodParameterType()
FNDA:3120,OneOf.OneOf`2<System.Type,VoidEmptyType> tests.Fuzzer.Method::get_MethodParameterType()
DA:10,3120
LF:3
LH:3
BRF:0
BRH:0
FNF:3
FNH:3
end_of_record
SF:D:\main\Pocs\newpocs\fuzzer\Fuzzer\Permutations.cs
FN:6,System.Collections.Generic.List`1<System.Collections.Generic.List`1<T>> tests.Fuzzer.PermutationGenerator::GetPermutations(System.Collections.Generic.List`1<T>)
FNDA:12,System.Collections.Generic.List`1<System.Collections.Generic.List`1<T>> tests.Fuzzer.PermutationGenerator::GetPermutations(System.Collections.Generic.List`1<T>)
DA:7,12
DA:8,12
DA:9,2
DA:11,10
DA:12,10
DA:13,10
DA:14,12
BRDA:8,2,0,11
BRDA:8,2,1,1
BRDA:8,18,0,2
BRDA:8,18,1,10
FN:17,System.Collections.Generic.List`1<System.Collections.Generic.List`1<T>> tests.Fuzzer.PermutationGenerator::GetPermutationsOfTwo(System.Collections.Generic.List`1<T>)
FNDA:4,System.Collections.Generic.List`1<System.Collections.Generic.List`1<T>> tests.Fuzzer.PermutationGenerator::GetPermutationsOfTwo(System.Collections.Generic.List`1<T>)
DA:18,4
DA:19,4
DA:21,4
DA:22,2
DA:24,26
DA:25,11
DA:26,152
DA:27,65
DA:28,65
DA:29,54
DA:30,54
DA:31,54
DA:32,65
DA:33,11
DA:35,2
DA:36,4
BRDA:21,8,0,4
BRDA:21,8,1,0
BRDA:21,24,0,2
BRDA:21,24,1,2
BRDA:24,139,1,11
BRDA:26,119,1,65
BRDA:28,53,0,54
BRDA:28,53,1,65
BRDA:26,119,0,11
BRDA:24,139,0,2
FN:39,System.Void tests.Fuzzer.PermutationGenerator::Permute(System.Collections.Generic.List`1<T>,System.Int32,System.Collections.Generic.List`1<System.Collections.Generic.List`1<T>>)
FNDA:1657,System.Void tests.Fuzzer.PermutationGenerator::Permute(System.Collections.Generic.List`1<T>,System.Int32,System.Collections.Generic.List`1<System.Collections.Generic.List`1<T>>)
DA:40,1657
DA:41,1657
DA:42,611
DA:44,611
DA:45,611
DA:48,5386
DA:49,1647
DA:51,1647
DA:53,1647
DA:55,1647
DA:56,1647
DA:57,1657
BRDA:41,15,0,611
BRDA:41,15,1,1046
BRDA:48,83,1,1647
BRDA:48,83,0,1657
FN:60,System.Void tests.Fuzzer.PermutationGenerator::Swap(System.Collections.Generic.List`1<T>,System.Int32,System.Int32)
FNDA:3294,System.Void tests.Fuzzer.PermutationGenerator::Swap(System.Collections.Generic.List`1<T>,System.Int32,System.Int32)
DA:61,3294
DA:62,3294
DA:63,3294
DA:64,3294
DA:65,3294
LF:40
LH:40
BRF:18
BRH:17
FNF:4
FNH:4
end_of_record
SF:D:\main\Pocs\newpocs\TestApi\Program.cs
FN:2,System.Void Program::<Main>$(System.String[])
FNDA:4,System.Void Program::<Main>$(System.String[])
DA:3,4
DA:8,4
DA:9,4
DA:11,4
DA:12,4
DA:14,4
DA:17,4
DA:18,4
DA:19,4
DA:20,4
DA:21,4
DA:23,4
DA:25,4
DA:27,4
DA:29,4
BRDA:17,76,0,4
BRDA:17,76,1,4
LF:15
LH:15
BRF:2
BRH:2
FNF:1
FNH:1
end_of_record
SF:D:\main\Pocs\newpocs\TestApi\WeatherForecast.cs
FN:4,System.DateTime TestApi.WeatherForecast::get_Date()
FNDA:960,System.DateTime TestApi.WeatherForecast::get_Date()
DA:5,960
FN:6,System.Int32 TestApi.WeatherForecast::get_TemperatureC()
FNDA:1440,System.Int32 TestApi.WeatherForecast::get_TemperatureC()
DA:7,1440
FN:8,System.Int32 TestApi.WeatherForecast::get_TemperatureF()
FNDA:480,System.Int32 TestApi.WeatherForecast::get_TemperatureF()
DA:9,480
FN:10,System.String TestApi.WeatherForecast::get_Summary()
FNDA:960,System.String TestApi.WeatherForecast::get_Summary()
DA:11,960
LF:4
LH:4
BRF:0
BRH:0
FNF:4
FNH:4
end_of_record
SF:D:\main\Pocs\newpocs\TestApi\Controllers\WeatherForecastController.cs
FN:22,System.Collections.Generic.IEnumerable`1<TestApi.WeatherForecast> TestApi.Controllers.WeatherForecastController::Get()
FNDA:480,System.Collections.Generic.IEnumerable`1<TestApi.WeatherForecast> TestApi.Controllers.WeatherForecastController::Get()
DA:23,480
DA:24,960
DA:25,960
DA:26,960
DA:27,960
DA:28,960
DA:29,960
DA:30,480
DA:31,480
FN:15,System.Void TestApi.Controllers.WeatherForecastController::.ctor(Microsoft.Extensions.Logging.ILogger`1<TestApi.Controllers.WeatherForecastController>)
FNDA:480,System.Void TestApi.Controllers.WeatherForecastController::.ctor(Microsoft.Extensions.Logging.ILogger`1<TestApi.Controllers.WeatherForecastController>)
DA:16,480
DA:17,480
DA:18,480
DA:19,480
FN:8,System.Void TestApi.Controllers.WeatherForecastController::.cctor()
FNDA:0,System.Void TestApi.Controllers.WeatherForecastController::.cctor()
DA:9,0
DA:10,0
DA:11,0
DA:12,0
LF:17
LH:13
BRF:0
BRH:0
FNF:3
FNH:2
end_of_record
SF:D:\main\Pocs\newpocs\TestApi\Controllers\PetsController.cs
FN:12,System.Object WebApiSample.Controllers.ExampleClass::NonsenseQuery(System.Nullable`1<System.Int32>[])
FNDA:0,System.Object WebApiSample.Controllers.ExampleClass::NonsenseQuery(System.Nullable`1<System.Int32>[])
DA:13,0
DA:14,0
DA:15,0
DA:16,0
DA:17,0
DA:18,0
DA:19,0
DA:20,0
BRDA:14,7,0,0
BRDA:14,7,1,0
BRDA:16,20,0,0
BRDA:17,26,0,0
BRDA:17,26,1,0
BRDA:17,52,0,0
BRDA:16,20,1,0
BRDA:17,52,1,0
FN:27,System.Int32 WebApiSample.Controllers.Pet::get_Id()
FNDA:3360,System.Int32 WebApiSample.Controllers.Pet::get_Id()
DA:28,3360
FN:30,System.String WebApiSample.Controllers.Pet::get_Breed()
FNDA:2400,System.String WebApiSample.Controllers.Pet::get_Breed()
DA:31,2400
FN:32,System.String WebApiSample.Controllers.Pet::get_Name()
FNDA:2400,System.String WebApiSample.Controllers.Pet::get_Name()
DA:33,2400
FN:35,WebApiSample.Controllers.PetType WebApiSample.Controllers.Pet::get_PetType()
FNDA:2400,WebApiSample.Controllers.PetType WebApiSample.Controllers.Pet::get_PetType()
DA:36,2400
FN:56,Microsoft.AspNetCore.Mvc.ActionResult`1<System.Collections.Generic.List`1<WebApiSample.Controllers.Pet>> WebApiSample.Controllers.PetsController::GetAll()
FNDA:480,Microsoft.AspNetCore.Mvc.ActionResult`1<System.Collections.Generic.List`1<WebApiSample.Controllers.Pet>> WebApiSample.Controllers.PetsController::GetAll()
DA:57,480
FN:61,Microsoft.AspNetCore.Mvc.ActionResult`1<WebApiSample.Controllers.Pet> WebApiSample.Controllers.PetsController::GetById(System.Int32)
FNDA:480,Microsoft.AspNetCore.Mvc.ActionResult`1<WebApiSample.Controllers.Pet> WebApiSample.Controllers.PetsController::GetById(System.Int32)
DA:62,480
DA:63,480
DA:66,480
DA:67,480
DA:68,480
DA:72,0
DA:73,480
BRDA:66,44,0,480
BRDA:66,44,1,0
FN:78,Microsoft.AspNetCore.Mvc.ActionResult`1<WebApiSample.Controllers.Pet> WebApiSample.Controllers.PetsController::Create(WebApiSample.Controllers.Pet)
FNDA:480,Microsoft.AspNetCore.Mvc.ActionResult`1<WebApiSample.Controllers.Pet> WebApiSample.Controllers.PetsController::Create(WebApiSample.Controllers.Pet)
DA:79,480
DA:80,480
DA:81,480
DA:83,480
DA:84,480
BRDA:80,13,0,480
BRDA:80,13,1,0
FN:89,Microsoft.AspNetCore.Mvc.ActionResult`1<WebApiSample.Controllers.Pet> WebApiSample.Controllers.PetsController::Put(WebApiSample.Controllers.Pet)
FNDA:480,Microsoft.AspNetCore.Mvc.ActionResult`1<WebApiSample.Controllers.Pet> WebApiSample.Controllers.PetsController::Put(WebApiSample.Controllers.Pet)
DA:90,480
DA:91,480
DA:92,480
DA:93,480
DA:95,0
DA:96,0
DA:97,0
DA:99,0
DA:100,480
BRDA:92,44,0,480
BRDA:92,44,1,0
FN:48,System.Void WebApiSample.Controllers.PetsController::.ctor(System.Collections.Generic.List`1<WebApiSample.Controllers.Pet>)
FNDA:1920,System.Void WebApiSample.Controllers.PetsController::.ctor(System.Collections.Generic.List`1<WebApiSample.Controllers.Pet>)
DA:49,1920
DA:51,1920
DA:52,1920
DA:53,1920
DA:54,1920
LF:39
LH:26
BRF:14
BRH:3
FNF:10
FNH:9
end_of_record